<?xml version="1.0" encoding="UTF-8"?>
<testsuites name="Logout" time="77.361" tests="3" failures="0" errors="0">
   <testsuite name="Logout" tests="3" failures="0" errors="0" time="77.361" skipped="0" timestamp="2022-09-23 18:24:57" hostname="cristidragota - localhost" id="Test Suites/Logout">
      <properties>
         <property name="deviceName" value=""/>
         <property name="devicePlatform" value=""/>
         <property name="logFolder" value="/Users/cristidragota/git/Healios/Reports/20220923_182445/Logout/20220923_182445"/>
         <property name="logFiles" value="/Users/cristidragota/git/Healios/Reports/20220923_182445/Logout/20220923_182445/execution0.log"/>
         <property name="attachments" value=""/>
         <property name="hostName" value="cristidragota - localhost"/>
         <property name="os" value="Mac OS X 64bit"/>
         <property name="katalonVersion" value="8.5.0.208"/>
         <property name="browser" value="Chrome 105.0.0.0"/>
         <property name="hostAddress" value="127.0.0.1"/>
         <property name="sessionId" value="302e4b343a1f549bbfad60fd34c04a33"/>
         <property name="seleniumVersion" value="3.141.59"/>
         <property name="proxyInformation" value="ProxyInformation { proxyOption=NO_PROXY, proxyServerType=HTTP, username=, password=********, proxyServerAddress=, proxyServerPort=0, executionList=&quot;&quot;, isApplyToDesiredCapabilities=true }"/>
         <property name="platform" value="Mac OS X"/>
      </properties>
      <testcase name="Test Cases/Logout/Logout - Check elements displayed" time="30.899" classname="Test Cases/Logout/Logout - Check elements displayed" status="PASSED">
         <system-out><![CDATA[2022-09-23 18:24:57 - [TEST_CASE][PASSED] - Test Cases/Logout/Logout - Check elements displayed: Test Cases/Logout/Logout - Check elements displayed

2022-09-23 18:24:58 - [TEST_STEP][PASSED] - callTestCase(findTestCase("Login/Login - Valid"), [:], CONTINUE_ON_FAILURE): Call Test Case 'Test Cases/Login/Login - Valid' successfully

2022-09-23 18:24:58 - [TEST_CASE][PASSED] - Test Cases/Login/Login - Valid: Test Cases/Login/Login - Valid

2022-09-23 18:24:58 - [TEST_STEP][PASSED] - openBrowser(""): Browser is opened with url: ''

2022-09-23 18:24:58 - [MESSAGE][INFO] - Starting 'Chrome' driver

2022-09-23 18:24:58 - [MESSAGE][INFO] - Action delay is set to 0 milliseconds

2022-09-23 18:25:04 - [MESSAGE][PASSED] - Browser is opened with url: ''

2022-09-23 18:25:04 - [TEST_STEP][PASSED] - navigateToUrl("https://data.dev.healios.care/login"): Navigate to 'https://data.dev.healios.care/login' successfully

2022-09-23 18:25:11 - [MESSAGE][PASSED] - Navigate to 'https://data.dev.healios.care/login' successfully

2022-09-23 18:25:11 - [TEST_STEP][PASSED] - setText(findTestObject("Object Repository/Page_Healios Platform/input_Email_email"), "pasha.madjar@healios.io"): Text 'pasha.madjar@healios.io' is set on object 'Object Repository/Page_Healios Platform/input_Email_email'

2022-09-23 18:25:14 - [MESSAGE][PASSED] - Text 'pasha.madjar@healios.io' is set on object 'Object Repository/Page_Healios Platform/input_Email_email'

2022-09-23 18:25:14 - [TEST_STEP][PASSED] - setEncryptedText(findTestObject("Object Repository/Page_Healios Platform/input_Password___BVID__30"), "2owp8UsT8kX703UO1cscOA=="): Text ****** has been set on object 'Object Repository/Page_Healios Platform/input_Password___BVID__30'

2022-09-23 18:25:15 - [MESSAGE][PASSED] - Text ****** has been set on object 'Object Repository/Page_Healios Platform/input_Password___BVID__30'

2022-09-23 18:25:15 - [TEST_STEP][PASSED] - click(findTestObject("Object Repository/Page_Healios Platform/button_Log In")): Object: 'Object Repository/Page_Healios Platform/button_Log In' is clicked on

2022-09-23 18:25:16 - [MESSAGE][PASSED] - Object: 'Object Repository/Page_Healios Platform/button_Log In' is clicked on

2022-09-23 18:25:16 - [TEST_STEP][PASSED] - verifyElementText(findTestObject("Object Repository/Page_Healios Platform/div_Welcome Pasha Madjar"), "Welcome Pasha Madjar!"): Actual text and expected text of test object 'Object Repository/Page_Healios Platform/div_Welcome Pasha Madjar' are matched.

2022-09-23 18:25:20 - [MESSAGE][PASSED] - Actual text and expected text of test object 'Object Repository/Page_Healios Platform/div_Welcome Pasha Madjar' are matched.

2022-09-23 18:25:20 - [TEST_STEP][PASSED] - verifyElementText(findTestObject("Object Repository/Page_Healios Platform/span_Home"), "Home"): Actual text and expected text of test object 'Object Repository/Page_Healios Platform/span_Home' are matched.

2022-09-23 18:25:23 - [MESSAGE][PASSED] - Actual text and expected text of test object 'Object Repository/Page_Healios Platform/span_Home' are matched.

2022-09-23 18:25:23 - [MESSAGE][PASSED] - Call Test Case 'Test Cases/Login/Login - Valid' successfully

2022-09-23 18:25:23 - [TEST_STEP][PASSED] - click(findTestObject("Page_Healios Platform/span_Pasha Madjar")): Object: 'Object Repository/Page_Healios Platform/span_Pasha Madjar' is clicked on

2022-09-23 18:25:24 - [MESSAGE][PASSED] - Object: 'Object Repository/Page_Healios Platform/span_Pasha Madjar' is clicked on

2022-09-23 18:25:24 - [TEST_STEP][PASSED] - click(findTestObject("Object Repository/Page_Healios Platform/span_Logout")): Object: 'Object Repository/Page_Healios Platform/span_Logout' is clicked on

2022-09-23 18:25:24 - [MESSAGE][PASSED] - Object: 'Object Repository/Page_Healios Platform/span_Logout' is clicked on

2022-09-23 18:25:24 - [TEST_STEP][PASSED] - verifyElementPresent(findTestObject("Object Repository/Page_Healios Platform/div_Logout"), 0): Object 'Object Repository/Page_Healios Platform/div_Logout' is present

2022-09-23 18:25:24 - [MESSAGE][WARNING] - Timeout '0' is invalid. Using default page load timeout: '30'

2022-09-23 18:25:25 - [MESSAGE][PASSED] - Object 'Object Repository/Page_Healios Platform/div_Logout' is present

2022-09-23 18:25:25 - [TEST_STEP][PASSED] - verifyElementText(findTestObject("Page_Healios Platform/div_Logout Are you sure you want to Log out_bfd6cc"), "Are you sure you want to Log out?"): Actual text and expected text of test object 'Object Repository/Page_Healios Platform/div_Logout Are you sure you want to Log out_bfd6cc' are matched.

2022-09-23 18:25:25 - [MESSAGE][PASSED] - Actual text and expected text of test object 'Object Repository/Page_Healios Platform/div_Logout Are you sure you want to Log out_bfd6cc' are matched.

2022-09-23 18:25:25 - [TEST_STEP][PASSED] - verifyElementClickable(findTestObject("Object Repository/Page_Healios Platform/button_LOGOUT")): Object 'Object Repository/Page_Healios Platform/button_LOGOUT' is clickable

2022-09-23 18:25:26 - [MESSAGE][PASSED] - Object 'Object Repository/Page_Healios Platform/button_LOGOUT' is clickable

2022-09-23 18:25:26 - [TEST_STEP][PASSED] - verifyElementPresent(findTestObject("Object Repository/Page_Healios Platform/button_LOGOUT"), 0): Object 'Object Repository/Page_Healios Platform/button_LOGOUT' is present

2022-09-23 18:25:26 - [MESSAGE][WARNING] - Timeout '0' is invalid. Using default page load timeout: '30'

2022-09-23 18:25:26 - [MESSAGE][PASSED] - Object 'Object Repository/Page_Healios Platform/button_LOGOUT' is present

2022-09-23 18:25:26 - [TEST_STEP][PASSED] - verifyElementClickable(findTestObject("Object Repository/Page_Healios Platform/button_STAY LOGGED IN")): Object 'Object Repository/Page_Healios Platform/button_STAY LOGGED IN' is clickable

2022-09-23 18:25:26 - [MESSAGE][PASSED] - Object 'Object Repository/Page_Healios Platform/button_STAY LOGGED IN' is clickable

2022-09-23 18:25:26 - [TEST_STEP][PASSED] - verifyElementPresent(findTestObject("Object Repository/Page_Healios Platform/button_STAY LOGGED IN"), 0): Object 'Object Repository/Page_Healios Platform/button_STAY LOGGED IN' is present

2022-09-23 18:25:27 - [MESSAGE][WARNING] - Timeout '0' is invalid. Using default page load timeout: '30'

2022-09-23 18:25:27 - [MESSAGE][PASSED] - Object 'Object Repository/Page_Healios Platform/button_STAY LOGGED IN' is present

2022-09-23 18:25:27 - [TEST_STEP][PASSED] - verifyElementClickable(findTestObject("Object Repository/Page_Healios Platform/span_")): Object 'Object Repository/Page_Healios Platform/span_' is clickable

2022-09-23 18:25:27 - [MESSAGE][PASSED] - Object 'Object Repository/Page_Healios Platform/span_' is clickable

2022-09-23 18:25:27 - [TEST_STEP][PASSED] - waitForElementPresent(findTestObject("Object Repository/Page_Healios Platform/span_"), 0): Object 'Object Repository/Page_Healios Platform/span_' is present

2022-09-23 18:25:27 - [MESSAGE][WARNING] - Timeout '0' is invalid. Using default page load timeout: '30'

2022-09-23 18:25:28 - [MESSAGE][PASSED] - Object 'Object Repository/Page_Healios Platform/span_' is present

2022-09-23 18:25:28 - [TEST_STEP][PASSED] - closeBrowser(): Browser is closed

2022-09-23 18:25:28 - [MESSAGE][PASSED] - Browser is closed]]></system-out>
         <system-err><![CDATA[]]></system-err>
      </testcase>
      <testcase name="Test Cases/Logout/Logout - Successful logged out" time="23.195" classname="Test Cases/Logout/Logout - Successful logged out" status="PASSED">
         <system-out><![CDATA[2022-09-23 18:25:28 - [TEST_CASE][PASSED] - Test Cases/Logout/Logout - Successful logged out: Test Cases/Logout/Logout - Successful logged out

2022-09-23 18:25:28 - [TEST_STEP][PASSED] - callTestCase(findTestCase("Login/Login - Valid"), [:], CONTINUE_ON_FAILURE): Call Test Case 'Test Cases/Login/Login - Valid' successfully

2022-09-23 18:25:28 - [TEST_CASE][PASSED] - Test Cases/Login/Login - Valid: Test Cases/Login/Login - Valid

2022-09-23 18:25:28 - [TEST_STEP][PASSED] - openBrowser(""): Browser is opened with url: ''

2022-09-23 18:25:28 - [MESSAGE][INFO] - Starting 'Chrome' driver

2022-09-23 18:25:28 - [MESSAGE][INFO] - Action delay is set to 0 milliseconds

2022-09-23 18:25:31 - [MESSAGE][PASSED] - Browser is opened with url: ''

2022-09-23 18:25:31 - [TEST_STEP][PASSED] - navigateToUrl("https://data.dev.healios.care/login"): Navigate to 'https://data.dev.healios.care/login' successfully

2022-09-23 18:25:38 - [MESSAGE][PASSED] - Navigate to 'https://data.dev.healios.care/login' successfully

2022-09-23 18:25:38 - [TEST_STEP][PASSED] - setText(findTestObject("Object Repository/Page_Healios Platform/input_Email_email"), "pasha.madjar@healios.io"): Text 'pasha.madjar@healios.io' is set on object 'Object Repository/Page_Healios Platform/input_Email_email'

2022-09-23 18:25:41 - [MESSAGE][PASSED] - Text 'pasha.madjar@healios.io' is set on object 'Object Repository/Page_Healios Platform/input_Email_email'

2022-09-23 18:25:41 - [TEST_STEP][PASSED] - setEncryptedText(findTestObject("Object Repository/Page_Healios Platform/input_Password___BVID__30"), "2owp8UsT8kX703UO1cscOA=="): Text ****** has been set on object 'Object Repository/Page_Healios Platform/input_Password___BVID__30'

2022-09-23 18:25:42 - [MESSAGE][PASSED] - Text ****** has been set on object 'Object Repository/Page_Healios Platform/input_Password___BVID__30'

2022-09-23 18:25:42 - [TEST_STEP][PASSED] - click(findTestObject("Object Repository/Page_Healios Platform/button_Log In")): Object: 'Object Repository/Page_Healios Platform/button_Log In' is clicked on

2022-09-23 18:25:43 - [MESSAGE][PASSED] - Object: 'Object Repository/Page_Healios Platform/button_Log In' is clicked on

2022-09-23 18:25:43 - [TEST_STEP][PASSED] - verifyElementText(findTestObject("Object Repository/Page_Healios Platform/div_Welcome Pasha Madjar"), "Welcome Pasha Madjar!"): Actual text and expected text of test object 'Object Repository/Page_Healios Platform/div_Welcome Pasha Madjar' are matched.

2022-09-23 18:25:46 - [MESSAGE][PASSED] - Actual text and expected text of test object 'Object Repository/Page_Healios Platform/div_Welcome Pasha Madjar' are matched.

2022-09-23 18:25:46 - [TEST_STEP][PASSED] - verifyElementText(findTestObject("Object Repository/Page_Healios Platform/span_Home"), "Home"): Actual text and expected text of test object 'Object Repository/Page_Healios Platform/span_Home' are matched.

2022-09-23 18:25:49 - [MESSAGE][PASSED] - Actual text and expected text of test object 'Object Repository/Page_Healios Platform/span_Home' are matched.

2022-09-23 18:25:49 - [MESSAGE][PASSED] - Call Test Case 'Test Cases/Login/Login - Valid' successfully

2022-09-23 18:25:49 - [TEST_STEP][PASSED] - click(findTestObject("Object Repository/Page_Healios Platform/span_Pasha Madjar")): Object: 'Object Repository/Page_Healios Platform/span_Pasha Madjar' is clicked on

2022-09-23 18:25:50 - [MESSAGE][PASSED] - Object: 'Object Repository/Page_Healios Platform/span_Pasha Madjar' is clicked on

2022-09-23 18:25:50 - [TEST_STEP][PASSED] - click(findTestObject("Object Repository/Page_Healios Platform/span_Logout")): Object: 'Object Repository/Page_Healios Platform/span_Logout' is clicked on

2022-09-23 18:25:51 - [MESSAGE][PASSED] - Object: 'Object Repository/Page_Healios Platform/span_Logout' is clicked on

2022-09-23 18:25:51 - [TEST_STEP][PASSED] - click(findTestObject("Object Repository/Page_Healios Platform/button_LOGOUT")): Object: 'Object Repository/Page_Healios Platform/button_LOGOUT' is clicked on

2022-09-23 18:25:51 - [MESSAGE][PASSED] - Object: 'Object Repository/Page_Healios Platform/button_LOGOUT' is clicked on

2022-09-23 18:25:51 - [TEST_STEP][PASSED] - closeBrowser(): Browser is closed

2022-09-23 18:25:51 - [MESSAGE][PASSED] - Browser is closed]]></system-out>
         <system-err><![CDATA[]]></system-err>
      </testcase>
      <testcase name="Test Cases/Logout/Logout - User stays logged in" time="22.803" classname="Test Cases/Logout/Logout - User stays logged in" status="PASSED">
         <system-out><![CDATA[2022-09-23 18:25:51 - [TEST_CASE][PASSED] - Test Cases/Logout/Logout - User stays logged in: Test Cases/Logout/Logout - User stays logged in

2022-09-23 18:25:51 - [TEST_STEP][PASSED] - callTestCase(findTestCase("Login/Login - Valid"), [:], CONTINUE_ON_FAILURE): Call Test Case 'Test Cases/Login/Login - Valid' successfully

2022-09-23 18:25:52 - [TEST_CASE][PASSED] - Test Cases/Login/Login - Valid: Test Cases/Login/Login - Valid

2022-09-23 18:25:52 - [TEST_STEP][PASSED] - openBrowser(""): Browser is opened with url: ''

2022-09-23 18:25:52 - [MESSAGE][INFO] - Starting 'Chrome' driver

2022-09-23 18:25:52 - [MESSAGE][INFO] - Action delay is set to 0 milliseconds

2022-09-23 18:25:54 - [MESSAGE][PASSED] - Browser is opened with url: ''

2022-09-23 18:25:54 - [TEST_STEP][PASSED] - navigateToUrl("https://data.dev.healios.care/login"): Navigate to 'https://data.dev.healios.care/login' successfully

2022-09-23 18:26:01 - [MESSAGE][PASSED] - Navigate to 'https://data.dev.healios.care/login' successfully

2022-09-23 18:26:01 - [TEST_STEP][PASSED] - setText(findTestObject("Object Repository/Page_Healios Platform/input_Email_email"), "pasha.madjar@healios.io"): Text 'pasha.madjar@healios.io' is set on object 'Object Repository/Page_Healios Platform/input_Email_email'

2022-09-23 18:26:04 - [MESSAGE][PASSED] - Text 'pasha.madjar@healios.io' is set on object 'Object Repository/Page_Healios Platform/input_Email_email'

2022-09-23 18:26:04 - [TEST_STEP][PASSED] - setEncryptedText(findTestObject("Object Repository/Page_Healios Platform/input_Password___BVID__30"), "2owp8UsT8kX703UO1cscOA=="): Text ****** has been set on object 'Object Repository/Page_Healios Platform/input_Password___BVID__30'

2022-09-23 18:26:05 - [MESSAGE][PASSED] - Text ****** has been set on object 'Object Repository/Page_Healios Platform/input_Password___BVID__30'

2022-09-23 18:26:05 - [TEST_STEP][PASSED] - click(findTestObject("Object Repository/Page_Healios Platform/button_Log In")): Object: 'Object Repository/Page_Healios Platform/button_Log In' is clicked on

2022-09-23 18:26:06 - [MESSAGE][PASSED] - Object: 'Object Repository/Page_Healios Platform/button_Log In' is clicked on

2022-09-23 18:26:06 - [TEST_STEP][PASSED] - verifyElementText(findTestObject("Object Repository/Page_Healios Platform/div_Welcome Pasha Madjar"), "Welcome Pasha Madjar!"): Actual text and expected text of test object 'Object Repository/Page_Healios Platform/div_Welcome Pasha Madjar' are matched.

2022-09-23 18:26:10 - [MESSAGE][PASSED] - Actual text and expected text of test object 'Object Repository/Page_Healios Platform/div_Welcome Pasha Madjar' are matched.

2022-09-23 18:26:10 - [TEST_STEP][PASSED] - verifyElementText(findTestObject("Object Repository/Page_Healios Platform/span_Home"), "Home"): Actual text and expected text of test object 'Object Repository/Page_Healios Platform/span_Home' are matched.

2022-09-23 18:26:12 - [MESSAGE][PASSED] - Actual text and expected text of test object 'Object Repository/Page_Healios Platform/span_Home' are matched.

2022-09-23 18:26:12 - [MESSAGE][PASSED] - Call Test Case 'Test Cases/Login/Login - Valid' successfully

2022-09-23 18:26:12 - [TEST_STEP][PASSED] - click(findTestObject("Page_Healios Platform/span_Pasha Madjar")): Object: 'Object Repository/Page_Healios Platform/span_Pasha Madjar' is clicked on

2022-09-23 18:26:12 - [MESSAGE][PASSED] - Object: 'Object Repository/Page_Healios Platform/span_Pasha Madjar' is clicked on

2022-09-23 18:26:12 - [TEST_STEP][PASSED] - click(findTestObject("Page_Healios Platform/span_Logout")): Object: 'Object Repository/Page_Healios Platform/span_Logout' is clicked on

2022-09-23 18:26:13 - [MESSAGE][PASSED] - Object: 'Object Repository/Page_Healios Platform/span_Logout' is clicked on

2022-09-23 18:26:13 - [TEST_STEP][PASSED] - click(findTestObject("Object Repository/Page_Healios Platform/Page_Healios Platform/button_STAY LOGGED IN")): Object: 'Object Repository/Page_Healios Platform/Page_Healios Platform/button_STAY LOGGED IN' is clicked on

2022-09-23 18:26:13 - [MESSAGE][PASSED] - Object: 'Object Repository/Page_Healios Platform/Page_Healios Platform/button_STAY LOGGED IN' is clicked on

2022-09-23 18:26:13 - [TEST_STEP][PASSED] - verifyElementText(findTestObject("Object Repository/Page_Healios Platform/Page_Healios Platform/div_Welcome Pasha Madjar"), "Welcome Pasha Madjar!"): Actual text and expected text of test object 'Object Repository/Page_Healios Platform/Page_Healios Platform/div_Welcome Pasha Madjar' are matched.

2022-09-23 18:26:14 - [MESSAGE][PASSED] - Actual text and expected text of test object 'Object Repository/Page_Healios Platform/Page_Healios Platform/div_Welcome Pasha Madjar' are matched.

2022-09-23 18:26:14 - [TEST_STEP][PASSED] - closeBrowser(): Browser is closed

2022-09-23 18:26:14 - [MESSAGE][PASSED] - Browser is closed]]></system-out>
         <system-err><![CDATA[]]></system-err>
      </testcase>
      <system-out><![CDATA[2022-09-23 18:24:57 - [TEST_SUITE][PASSED] - Logout: Test Cases/Logout/Logout - User stays logged in]]></system-out>
      <system-err><![CDATA[]]></system-err>
   </testsuite>
</testsuites>
